<?xml version="1.0" encoding="UTF-8"?>
<!-- Generated by org.testng.reporters.JUnitXMLReporter -->
<testsuite hostname="DESKTOP-P1OV4AS" ignored="0" name="Default test" tests="1" failures="1" timestamp="21 Apr 2019 11:43:53 GMT" time="10.623" errors="0">
  <testcase name="test" time="10.559" classname="lib.BasicTest">
    <failure type="org.openqa.selenium.WebDriverException" message="Unable to parse remote response: Misconfigured -- Sauce Labs Authentication Error.
You used username &amp;apos;Zizo123Magic&amp;apos; and access key &amp;apos;0A6F0A43DCE54D94B4FDEAD0D3CB1BFB&amp;apos; to authenticate, which are not valid Sauce Labs credentials.

The following desired capabilities were received:
{&amp;apos;accessKey&amp;apos;: &amp;apos;0A6F0A43DCE54D94B4FDEAD0D3CB1BFB&amp;apos;,
 &amp;apos;browserName&amp;apos;: &amp;apos;Chrome&amp;apos;,
 &amp;apos;name&amp;apos;: &amp;apos;4-best-practices&amp;apos;,
 &amp;apos;platform&amp;apos;: &amp;apos;WIN10&amp;apos;,
 &amp;apos;username&amp;apos;: &amp;apos;Zizo123Magic&amp;apos;,
 &amp;apos;version&amp;apos;: &amp;apos;59.0&amp;apos;}">
      <![CDATA[org.openqa.selenium.WebDriverException: Unable to parse remote response: Misconfigured -- Sauce Labs Authentication Error.
You used username 'Zizo123Magic' and access key '0A6F0A43DCE54D94B4FDEAD0D3CB1BFB' to authenticate, which are not valid Sauce Labs credentials.

The following desired capabilities were received:
{'accessKey': '0A6F0A43DCE54D94B4FDEAD0D3CB1BFB',
 'browserName': 'Chrome',
 'name': '4-best-practices',
 'platform': 'WIN10',
 'username': 'Zizo123Magic',
 'version': '59.0'}
at org.openqa.selenium.remote.ProtocolHandshake.createSession(ProtocolHandshake.java:115)
at org.openqa.selenium.remote.ProtocolHandshake.createSession(ProtocolHandshake.java:74)
at org.openqa.selenium.remote.HttpCommandExecutor.execute(HttpCommandExecutor.java:136)
at org.openqa.selenium.remote.RemoteWebDriver.execute(RemoteWebDriver.java:552)
at org.openqa.selenium.remote.RemoteWebDriver.startSession(RemoteWebDriver.java:213)
at org.openqa.selenium.remote.RemoteWebDriver.<init>(RemoteWebDriver.java:131)
at org.openqa.selenium.remote.RemoteWebDriver.<init>(RemoteWebDriver.java:144)
at lib.BasicTest.test(BasicTest.java:30)
at sun.reflect.NativeMethodAccessorImpl.invoke0(Native Method)
at sun.reflect.NativeMethodAccessorImpl.invoke(Unknown Source)
at sun.reflect.DelegatingMethodAccessorImpl.invoke(Unknown Source)
at java.lang.reflect.Method.invoke(Unknown Source)
at org.testng.internal.MethodInvocationHelper.invokeMethod(MethodInvocationHelper.java:124)
at org.testng.internal.Invoker.invokeMethod(Invoker.java:583)
at org.testng.internal.Invoker.invokeTestMethod(Invoker.java:719)
at org.testng.internal.Invoker.invokeTestMethods(Invoker.java:989)
at org.testng.internal.TestMethodWorker.invokeTestMethods(TestMethodWorker.java:125)
at org.testng.internal.TestMethodWorker.run(TestMethodWorker.java:109)
at org.testng.TestRunner.privateRun(TestRunner.java:648)
at org.testng.TestRunner.run(TestRunner.java:505)
at org.testng.SuiteRunner.runTest(SuiteRunner.java:455)
at org.testng.SuiteRunner.runSequentially(SuiteRunner.java:450)
at org.testng.SuiteRunner.privateRun(SuiteRunner.java:415)
at org.testng.SuiteRunner.run(SuiteRunner.java:364)
at org.testng.SuiteRunnerWorker.runSuite(SuiteRunnerWorker.java:52)
at org.testng.SuiteRunnerWorker.run(SuiteRunnerWorker.java:84)
at org.testng.TestNG.runSuitesSequentially(TestNG.java:1208)
at org.testng.TestNG.runSuitesLocally(TestNG.java:1137)
at org.testng.TestNG.runSuites(TestNG.java:1049)
at org.testng.TestNG.run(TestNG.java:1017)
at org.testng.remote.AbstractRemoteTestNG.run(AbstractRemoteTestNG.java:115)
at org.testng.remote.RemoteTestNG.initAndRun(RemoteTestNG.java:251)
at org.testng.remote.RemoteTestNG.main(RemoteTestNG.java:77)
Caused by: org.openqa.selenium.json.JsonException: Unable to determine type from: M. Last 1 characters read: M
Build info: version: '3.141.59', revision: 'e82be7d358', time: '2018-11-14T08:17:03'
System info: host: 'DESKTOP-P1OV4AS', ip: '172.28.23.65', os.name: 'Windows 10', os.arch: 'amd64', os.version: '10.0', java.version: '1.8.0_201'
Driver info: driver.version: RemoteWebDriver
at org.openqa.selenium.json.JsonInput.peek(JsonInput.java:122)
at org.openqa.selenium.json.JsonTypeCoercer.lambda$null$6(JsonTypeCoercer.java:140)
at org.openqa.selenium.json.JsonTypeCoercer.coerce(JsonTypeCoercer.java:126)
at org.openqa.selenium.json.Json.toType(Json.java:69)
at org.openqa.selenium.json.Json.toType(Json.java:55)
at org.openqa.selenium.json.Json.toType(Json.java:50)
at org.openqa.selenium.remote.ProtocolHandshake.createSession(ProtocolHandshake.java:112)
... 32 more
]]>
    </failure>
  </testcase> <!-- test -->
</testsuite> <!-- Default test -->
